<?xml version="1.0" encoding="UTF-8"?>
<!-- Generated by org.testng.reporters.JUnitReportReporter -->
<testsuite hostname="DESKTOP-ECBA0O3" failures="0" tests="2" name="com.framework.app.HomePageTest" time="44.836" errors="0" timestamp="21 Aug 2019 19:27:35 GMT" skipped="0">
  <testcase classname="com.framework.app.HomePageTest" name="pageBaseNavigation" time="24.814"/>
  <testcase classname="com.framework.app.HomePageTest" name="pageBaseNavigation" time="20.022"/>
</testsuite> <!-- com.framework.app.HomePageTest -->
