<?xml version="1.0" encoding="UTF-8"?>
<!-- Generated by org.testng.reporters.JUnitReportReporter -->
<testsuite hostname="DESKTOP-ECBA0O3" failures="0" tests="1" name="com.framework.app.ValidateMenuItemTest" time="16.089" errors="0" timestamp="21 Aug 2019 20:56:07 GMT" skipped="0">
  <testcase classname="com.framework.app.ValidateMenuItemTest" name="pageBaseNavigation" time="16.089"/>
</testsuite> <!-- com.framework.app.ValidateMenuItemTest -->
