<?xml version="1.0" encoding="UTF-8"?>
<!-- Generated by org.testng.reporters.JUnitReportReporter -->
<testsuite hostname="DESKTOP-ECBA0O3" failures="0" tests="2" name="com.framework.app.HomePageTest" time="32.743" errors="0" timestamp="19 Aug 2019 20:42:02 GMT" skipped="0">
  <testcase classname="com.framework.app.HomePageTest" name="pageBaseNavigation" time="15.999"/>
  <testcase classname="com.framework.app.HomePageTest" name="pageBaseNavigation" time="16.744"/>
</testsuite> <!-- com.framework.app.HomePageTest -->
