<?xml version="1.0" encoding="UTF-8"?>
<!-- Generated by org.testng.reporters.JUnitReportReporter -->
<testsuite hostname="DESKTOP-ECBA0O3" failures="0" tests="1" name="com.framework.app.ValidateMenuItemTest" time="15.396" errors="0" timestamp="19 Aug 2019 20:42:02 GMT" skipped="0">
  <testcase classname="com.framework.app.ValidateMenuItemTest" name="pageBaseNavigation" time="15.396"/>
</testsuite> <!-- com.framework.app.ValidateMenuItemTest -->
