<?xml version="1.0" encoding="UTF-8"?>
<!-- Generated by org.testng.reporters.JUnitReportReporter -->
<testsuite skipped="0" hostname="DESKTOP-ECBA0O3" name="com.framework.app.ValidateMenuItemTest" tests="1" failures="0" timestamp="21 Aug 2019 22:51:07 GMT" time="19.823" errors="0">
  <testcase name="validatemenuItem" time="19.823" classname="com.framework.app.ValidateMenuItemTest"/>
</testsuite> <!-- com.framework.app.ValidateMenuItemTest -->
