<?xml version="1.0" encoding="UTF-8"?>
<!-- Generated by org.testng.reporters.JUnitReportReporter -->
<testsuite skipped="0" hostname="DESKTOP-ECBA0O3" name="com.framework.app.HomePageTest" tests="2" failures="0" timestamp="19 Aug 2019 19:15:08 GMT" time="39.452" errors="0">
  <testcase name="pageBaseNavigation" time="21.354" classname="com.framework.app.HomePageTest"/>
  <testcase name="pageBaseNavigation" time="18.098" classname="com.framework.app.HomePageTest"/>
</testsuite> <!-- com.framework.app.HomePageTest -->
