<?xml version="1.0" encoding="UTF-8"?>
<!-- Generated by org.testng.reporters.JUnitReportReporter -->
<testsuite skipped="0" hostname="DESKTOP-ECBA0O3" name="com.framework.app.HomePageTest" tests="2" failures="0" timestamp="21 Aug 2019 16:10:54 GMT" time="32.821" errors="0">
  <testcase name="pageBaseNavigation" time="17.127" classname="com.framework.app.HomePageTest"/>
  <testcase name="pageBaseNavigation" time="15.694" classname="com.framework.app.HomePageTest"/>
</testsuite> <!-- com.framework.app.HomePageTest -->
