<?xml version="1.0" encoding="UTF-8"?>
<!-- Generated by org.testng.reporters.JUnitReportReporter -->
<testsuite skipped="0" hostname="DESKTOP-ECBA0O3" name="com.framework.app.ValidateMenuItemTest" tests="1" failures="0" timestamp="19 Aug 2019 19:15:08 GMT" time="19.684" errors="0">
  <testcase name="pageBaseNavigation" time="19.684" classname="com.framework.app.ValidateMenuItemTest"/>
</testsuite> <!-- com.framework.app.ValidateMenuItemTest -->
