<?xml version="1.0" encoding="UTF-8"?>
<!-- Generated by org.testng.reporters.JUnitReportReporter -->
<testsuite skipped="0" hostname="DESKTOP-ECBA0O3" name="com.framework.app.ValidateMenuItemTest" tests="1" failures="0" timestamp="21 Aug 2019 16:10:54 GMT" time="11.739" errors="0">
  <testcase name="pageBaseNavigation" time="11.739" classname="com.framework.app.ValidateMenuItemTest"/>
</testsuite> <!-- com.framework.app.ValidateMenuItemTest -->
