<?xml version="1.0" encoding="UTF-8"?>
<!-- Generated by org.testng.reporters.JUnitReportReporter -->
<testsuite skipped="0" hostname="DESKTOP-ECBA0O3" name="com.framework.app.HomePageTest" tests="2" failures="0" timestamp="21 Aug 2019 22:51:07 GMT" time="43.160" errors="0">
  <testcase name="pageBaseNavigation" time="22.192" classname="com.framework.app.HomePageTest"/>
  <testcase name="pageBaseNavigation" time="20.968" classname="com.framework.app.HomePageTest"/>
</testsuite> <!-- com.framework.app.HomePageTest -->
